# JRE version: OpenJDK Runtime Environment Temurin-17.0.5+8 (17.0.5+8) (build 17.0.5+8)
# Java VM: OpenJDK 64-Bit Server VM Temurin-17.0.5+8 (17.0.5+8, mixed mode, emulated-client, tiered, compressed oops, compressed class ptrs, g1 gc, windows-amd64)
GC Precious Log:
 CPUs: 4 total, 4 available
 Memory: 8060M
 Large Page Support: Disabled
 NUMA Support: Disabled
 Compressed Oops: Enabled (32-bit)
 Heap Region Size: 1M
 Heap Min Capacity: 8M
 Heap Initial Capacity: 126M
 Heap Max Capacity: 2016M
 Pre-touch: Disabled
 Parallel Workers: 4
 Concurrent Workers: 1
 Concurrent Refinement Workers: 4
 Periodic GC: Disabled
Heap:
 garbage-first heap   total 129024K, used 75506K [0x0000000082000000, 0x0000000100000000)
  region size 1024K, 1 young (1024K), 1 survivors (1024K)
 Metaspace       used 41505K, committed 41920K, reserved 1089536K
  class space    used 5210K, committed 5376K, reserved 1048576K
GC Heap History (20 events):
Event: 5.966 GC heap after
{Heap after GC invocations=12 (full 0):
 garbage-first heap   total 68608K, used 27902K [0x0000000082000000, 0x0000000100000000)
  region size 1024K, 3 young (3072K), 3 survivors (3072K)
 Metaspace       used 36887K, committed 37376K, reserved 1089536K
  class space    used 4815K, committed 5056K, reserved 1048576K
}
Event: 6.087 GC heap before
{Heap before GC invocations=12 (full 0):
 garbage-first heap   total 68608K, used 48382K [0x0000000082000000, 0x0000000100000000)
  region size 1024K, 24 young (24576K), 3 survivors (3072K)
 Metaspace       used 37339K, committed 37760K, reserved 1089536K
  class space    used 4865K, committed 5056K, reserved 1048576K
}
Event: 6.093 GC heap after
{Heap after GC invocations=13 (full 0):
 garbage-first heap   total 68608K, used 31713K [0x0000000082000000, 0x0000000100000000)
  region size 1024K, 3 young (3072K), 3 survivors (3072K)
 Metaspace       used 37339K, committed 37760K, reserved 1089536K
  class space    used 4865K, committed 5056K, reserved 1048576K
}
Event: 6.185 GC heap before
{Heap before GC invocations=13 (full 0):
 garbage-first heap   total 68608K, used 50145K [0x0000000082000000, 0x0000000100000000)
  region size 1024K, 21 young (21504K), 3 survivors (3072K)
 Metaspace       used 37768K, committed 38208K, reserved 1089536K
  class space    used 4912K, committed 5120K, reserved 1048576K
}
Event: 6.190 GC heap after
{Heap after GC invocations=14 (full 0):
 garbage-first heap   total 68608K, used 35336K [0x0000000082000000, 0x0000000100000000)
  region size 1024K, 3 young (3072K), 3 survivors (3072K)
 Metaspace       used 37768K, committed 38208K, reserved 1089536K
  class space    used 4912K, committed 5120K, reserved 1048576K
}
Event: 6.252 GC heap before
{Heap before GC invocations=14 (full 0):
 garbage-first heap   total 68608K, used 51720K [0x0000000082000000, 0x0000000100000000)
  region size 1024K, 19 young (19456K), 3 survivors (3072K)
 Metaspace       used 38070K, committed 38464K, reserved 1089536K
  class space    used 4930K, committed 5120K, reserved 1048576K
}
Event: 6.257 GC heap after
{Heap after GC invocations=15 (full 0):
 garbage-first heap   total 68608K, used 38064K [0x0000000082000000, 0x0000000100000000)
  region size 1024K, 3 young (3072K), 3 survivors (3072K)
 Metaspace       used 38070K, committed 38464K, reserved 1089536K
  class space    used 4930K, committed 5120K, reserved 1048576K
}
Event: 6.310 GC heap before
{Heap before GC invocations=15 (full 0):
 garbage-first heap   total 68608K, used 51376K [0x0000000082000000, 0x0000000100000000)
  region size 1024K, 17 young (17408K), 3 survivors (3072K)
 Metaspace       used 38478K, committed 38848K, reserved 1089536K
  class space    used 4937K, committed 5120K, reserved 1048576K
}
Event: 6.317 GC heap after
{Heap after GC invocations=16 (full 0):
 garbage-first heap   total 111616K, used 40210K [0x0000000082000000, 0x0000000100000000)
  region size 1024K, 3 young (3072K), 3 survivors (3072K)
 Metaspace       used 38478K, committed 38848K, reserved 1089536K
  class space    used 4937K, committed 5120K, reserved 1048576K
}
Event: 6.546 GC heap before
{Heap before GC invocations=17 (full 0):
 garbage-first heap   total 111616K, used 81170K [0x0000000082000000, 0x0000000100000000)
  region size 1024K, 44 young (45056K), 3 survivors (3072K)
 Metaspace       used 38796K, committed 39232K, reserved 1089536K
  class space    used 4968K, committed 5184K, reserved 1048576K
}
Event: 6.562 GC heap after
{Heap after GC invocations=18 (full 0):
 garbage-first heap   total 111616K, used 52036K [0x0000000082000000, 0x0000000100000000)
  region size 1024K, 6 young (6144K), 6 survivors (6144K)
 Metaspace       used 38796K, committed 39232K, reserved 1089536K
  class space    used 4968K, committed 5184K, reserved 1048576K
}
Event: 6.643 GC heap before
{Heap before GC invocations=18 (full 0):
 garbage-first heap   total 111616K, used 53060K [0x0000000082000000, 0x0000000100000000)
  region size 1024K, 7 young (7168K), 6 survivors (6144K)
 Metaspace       used 38932K, committed 39360K, reserved 1089536K
  class space    used 4984K, committed 5184K, reserved 1048576K
}
Event: 6.651 GC heap after
{Heap after GC invocations=19 (full 0):
 garbage-first heap   total 111616K, used 53548K [0x0000000082000000, 0x0000000100000000)
  region size 1024K, 1 young (1024K), 1 survivors (1024K)
 Metaspace       used 38932K, committed 39360K, reserved 1089536K
  class space    used 4984K, committed 5184K, reserved 1048576K
}
Event: 6.893 GC heap before
{Heap before GC invocations=19 (full 0):
 garbage-first heap   total 111616K, used 73004K [0x0000000082000000, 0x0000000100000000)
  region size 1024K, 22 young (22528K), 1 survivors (1024K)
 Metaspace       used 39596K, committed 40000K, reserved 1089536K
  class space    used 5063K, committed 5248K, reserved 1048576K
}
Event: 6.898 GC heap after
{Heap after GC invocations=20 (full 0):
 garbage-first heap   total 111616K, used 59314K [0x0000000082000000, 0x0000000100000000)
  region size 1024K, 4 young (4096K), 4 survivors (4096K)
 Metaspace       used 39596K, committed 40000K, reserved 1089536K
  class space    used 5063K, committed 5248K, reserved 1048576K
}
Event: 7.109 GC heap before
{Heap before GC invocations=20 (full 0):
 garbage-first heap   total 126976K, used 84914K [0x0000000082000000, 0x0000000100000000)
  region size 1024K, 28 young (28672K), 4 survivors (4096K)
 Metaspace       used 41022K, committed 41408K, reserved 1089536K
  class space    used 5175K, committed 5312K, reserved 1048576K
}
Event: 7.125 GC heap after
{Heap after GC invocations=21 (full 0):
 garbage-first heap   total 126976K, used 70977K [0x0000000082000000, 0x0000000100000000)
  region size 1024K, 4 young (4096K), 4 survivors (4096K)
 Metaspace       used 41022K, committed 41408K, reserved 1089536K
  class space    used 5175K, committed 5312K, reserved 1048576K
}
Event: 7.198 GC heap before
{Heap before GC invocations=22 (full 0):
 garbage-first heap   total 126976K, used 93505K [0x0000000082000000, 0x0000000100000000)
  region size 1024K, 27 young (27648K), 4 survivors (4096K)
 Metaspace       used 41505K, committed 41920K, reserved 1089536K
  class space    used 5210K, committed 5376K, reserved 1048576K
}
Event: 7.221 GC heap after
{Heap after GC invocations=23 (full 0):
 garbage-first heap   total 126976K, used 75637K [0x0000000082000000, 0x0000000100000000)
  region size 1024K, 4 young (4096K), 4 survivors (4096K)
 Metaspace       used 41505K, committed 41920K, reserved 1089536K
  class space    used 5210K, committed 5376K, reserved 1048576K
}
Event: 7.227 GC heap before
{Heap before GC invocations=23 (full 0):
 garbage-first heap   total 126976K, used 77685K [0x0000000082000000, 0x0000000100000000)
  region size 1024K, 6 young (6144K), 4 survivors (4096K)
 Metaspace       used 41505K, committed 41920K, reserved 1089536K
  class space    used 5210K, committed 5376K, reserved 1048576K
}

