# JRE version: OpenJDK Runtime Environment Temurin-17.0.5+8 (17.0.5+8) (build 17.0.5+8)
# Java VM: OpenJDK 64-Bit Server VM Temurin-17.0.5+8 (17.0.5+8, mixed mode, emulated-client, tiered, compressed oops, compressed class ptrs, g1 gc, windows-amd64)
GC Precious Log:
 CPUs: 4 total, 4 available
 Memory: 8060M
 Large Page Support: Disabled
 NUMA Support: Disabled
 Compressed Oops: Enabled (32-bit)
 Heap Region Size: 1M
 Heap Min Capacity: 8M
 Heap Initial Capacity: 126M
 Heap Max Capacity: 2016M
 Pre-touch: Disabled
 Parallel Workers: 4
 Concurrent Workers: 1
 Concurrent Refinement Workers: 4
 Periodic GC: Disabled
Heap:
 garbage-first heap   total 129024K, used 75347K [0x0000000082000000, 0x0000000100000000)
  region size 1024K, 2 young (2048K), 2 survivors (2048K)
 Metaspace       used 41333K, committed 41792K, reserved 1089536K
  class space    used 5206K, committed 5440K, reserved 1048576K
GC Heap History (20 events):
Event: 24.809 GC heap after
{Heap after GC invocations=11 (full 0):
 garbage-first heap   total 48128K, used 18849K [0x0000000082000000, 0x0000000100000000)
  region size 1024K, 1 young (1024K), 1 survivors (1024K)
 Metaspace       used 35823K, committed 36160K, reserved 1081344K
  class space    used 4698K, committed 4864K, reserved 1048576K
}
Event: 25.039 GC heap before
{Heap before GC invocations=12 (full 0):
 garbage-first heap   total 48128K, used 35233K [0x0000000082000000, 0x0000000100000000)
  region size 1024K, 18 young (18432K), 1 survivors (1024K)
 Metaspace       used 36544K, committed 36992K, reserved 1089536K
  class space    used 4804K, committed 4992K, reserved 1048576K
}
Event: 25.044 GC heap after
{Heap after GC invocations=13 (full 0):
 garbage-first heap   total 48128K, used 22424K [0x0000000082000000, 0x0000000100000000)
  region size 1024K, 3 young (3072K), 3 survivors (3072K)
 Metaspace       used 36544K, committed 36992K, reserved 1089536K
  class space    used 4804K, committed 4992K, reserved 1048576K
}
Event: 25.051 GC heap before
{Heap before GC invocations=13 (full 0):
 garbage-first heap   total 48128K, used 23448K [0x0000000082000000, 0x0000000100000000)
  region size 1024K, 4 young (4096K), 3 survivors (3072K)
 Metaspace       used 36544K, committed 36992K, reserved 1089536K
  class space    used 4804K, committed 4992K, reserved 1048576K
}
Event: 25.055 GC heap after
{Heap after GC invocations=14 (full 0):
 garbage-first heap   total 48128K, used 22769K [0x0000000082000000, 0x0000000100000000)
  region size 1024K, 1 young (1024K), 1 survivors (1024K)
 Metaspace       used 36544K, committed 36992K, reserved 1089536K
  class space    used 4804K, committed 4992K, reserved 1048576K
}
Event: 25.137 GC heap before
{Heap before GC invocations=14 (full 0):
 garbage-first heap   total 48128K, used 34033K [0x0000000082000000, 0x0000000100000000)
  region size 1024K, 13 young (13312K), 1 survivors (1024K)
 Metaspace       used 36671K, committed 37056K, reserved 1089536K
  class space    used 4812K, committed 4992K, reserved 1048576K
}
Event: 25.140 GC heap after
{Heap after GC invocations=15 (full 0):
 garbage-first heap   total 48128K, used 25600K [0x0000000082000000, 0x0000000100000000)
  region size 1024K, 2 young (2048K), 2 survivors (2048K)
 Metaspace       used 36671K, committed 37056K, reserved 1089536K
  class space    used 4812K, committed 4992K, reserved 1048576K
}
Event: 25.256 GC heap before
{Heap before GC invocations=16 (full 0):
 garbage-first heap   total 51200K, used 34816K [0x0000000082000000, 0x0000000100000000)
  region size 1024K, 12 young (12288K), 2 survivors (2048K)
 Metaspace       used 36874K, committed 37312K, reserved 1089536K
  class space    used 4824K, committed 5056K, reserved 1048576K
}
Event: 25.259 GC heap after
{Heap after GC invocations=17 (full 0):
 garbage-first heap   total 51200K, used 27555K [0x0000000082000000, 0x0000000100000000)
  region size 1024K, 2 young (2048K), 2 survivors (2048K)
 Metaspace       used 36874K, committed 37312K, reserved 1089536K
  class space    used 4824K, committed 5056K, reserved 1048576K
}
Event: 25.320 GC heap before
{Heap before GC invocations=17 (full 0):
 garbage-first heap   total 51200K, used 38819K [0x0000000082000000, 0x0000000100000000)
  region size 1024K, 13 young (13312K), 2 survivors (2048K)
 Metaspace       used 37198K, committed 37632K, reserved 1089536K
  class space    used 4854K, committed 5056K, reserved 1048576K
}
Event: 25.325 GC heap after
{Heap after GC invocations=18 (full 0):
 garbage-first heap   total 124928K, used 29865K [0x0000000082000000, 0x0000000100000000)
  region size 1024K, 2 young (2048K), 2 survivors (2048K)
 Metaspace       used 37198K, committed 37632K, reserved 1089536K
  class space    used 4854K, committed 5056K, reserved 1048576K
}
Event: 25.631 GC heap before
{Heap before GC invocations=19 (full 0):
 garbage-first heap   total 124928K, used 85161K [0x0000000082000000, 0x0000000100000000)
  region size 1024K, 57 young (58368K), 2 survivors (2048K)
 Metaspace       used 38650K, committed 39040K, reserved 1089536K
  class space    used 4960K, committed 5120K, reserved 1048576K
}
Event: 25.644 GC heap after
{Heap after GC invocations=20 (full 0):
 garbage-first heap   total 124928K, used 38481K [0x0000000082000000, 0x0000000100000000)
  region size 1024K, 8 young (8192K), 8 survivors (8192K)
 Metaspace       used 38650K, committed 39040K, reserved 1089536K
  class space    used 4960K, committed 5120K, reserved 1048576K
}
Event: 26.087 GC heap before
{Heap before GC invocations=20 (full 0):
 garbage-first heap   total 124928K, used 84561K [0x0000000082000000, 0x0000000100000000)
  region size 1024K, 54 young (55296K), 8 survivors (8192K)
 Metaspace       used 39386K, committed 39744K, reserved 1089536K
  class space    used 5035K, committed 5184K, reserved 1048576K
}
Event: 26.107 GC heap after
{Heap after GC invocations=21 (full 0):
 garbage-first heap   total 124928K, used 50393K [0x0000000082000000, 0x0000000100000000)
  region size 1024K, 7 young (7168K), 7 survivors (7168K)
 Metaspace       used 39386K, committed 39744K, reserved 1089536K
  class space    used 5035K, committed 5184K, reserved 1048576K
}
Event: 26.613 GC heap before
{Heap before GC invocations=21 (full 0):
 garbage-first heap   total 124928K, used 88281K [0x0000000082000000, 0x0000000100000000)
  region size 1024K, 43 young (44032K), 7 survivors (7168K)
 Metaspace       used 40811K, committed 41280K, reserved 1089536K
  class space    used 5159K, committed 5376K, reserved 1048576K
}
Event: 26.636 GC heap after
{Heap after GC invocations=22 (full 0):
 garbage-first heap   total 124928K, used 67050K [0x0000000082000000, 0x0000000100000000)
  region size 1024K, 6 young (6144K), 6 survivors (6144K)
 Metaspace       used 40811K, committed 41280K, reserved 1089536K
  class space    used 5159K, committed 5376K, reserved 1048576K
}
Event: 26.712 GC heap before
{Heap before GC invocations=22 (full 0):
 garbage-first heap   total 124928K, used 89578K [0x0000000082000000, 0x0000000100000000)
  region size 1024K, 29 young (29696K), 6 survivors (6144K)
 Metaspace       used 41236K, committed 41728K, reserved 1089536K
  class space    used 5192K, committed 5440K, reserved 1048576K
}
Event: 26.734 GC heap after
{Heap after GC invocations=23 (full 0):
 garbage-first heap   total 124928K, used 73216K [0x0000000082000000, 0x0000000100000000)
  region size 1024K, 4 young (4096K), 4 survivors (4096K)
 Metaspace       used 41236K, committed 41728K, reserved 1089536K
  class space    used 5192K, committed 5440K, reserved 1048576K
}
Event: 26.790 GC heap before
{Heap before GC invocations=23 (full 0):
 garbage-first heap   total 124928K, used 93696K [0x0000000082000000, 0x0000000100000000)
  region size 1024K, 25 young (25600K), 4 survivors (4096K)
 Metaspace       used 41333K, committed 41792K, reserved 1089536K
  class space    used 5206K, committed 5440K, reserved 1048576K
}

