# JRE version: OpenJDK Runtime Environment Temurin-17.0.5+8 (17.0.5+8) (build 17.0.5+8)
# Java VM: OpenJDK 64-Bit Server VM Temurin-17.0.5+8 (17.0.5+8, mixed mode, emulated-client, tiered, compressed oops, compressed class ptrs, g1 gc, windows-amd64)
GC Precious Log:
 CPUs: 4 total, 4 available
 Memory: 8060M
 Large Page Support: Disabled
 NUMA Support: Disabled
 Compressed Oops: Enabled (32-bit)
 Heap Region Size: 1M
 Heap Min Capacity: 8M
 Heap Initial Capacity: 126M
 Heap Max Capacity: 2016M
 Pre-touch: Disabled
 Parallel Workers: 4
 Concurrent Workers: 1
 Concurrent Refinement Workers: 4
 Periodic GC: Disabled
Heap:
 garbage-first heap   total 273408K, used 94211K [0x0000000082000000, 0x0000000100000000)
  region size 1024K, 12 young (12288K), 12 survivors (12288K)
 Metaspace       used 48643K, committed 49088K, reserved 1097728K
  class space    used 6216K, committed 6400K, reserved 1048576K
GC Heap History (20 events):
Event: 6.905 GC heap after
{Heap after GC invocations=17 (full 0):
 garbage-first heap   total 123904K, used 42926K [0x0000000082000000, 0x0000000100000000)
  region size 1024K, 3 young (3072K), 3 survivors (3072K)
 Metaspace       used 38719K, committed 39104K, reserved 1089536K
  class space    used 4957K, committed 5120K, reserved 1048576K
}
Event: 7.338 GC heap before
{Heap before GC invocations=18 (full 0):
 garbage-first heap   total 123904K, used 90030K [0x0000000082000000, 0x0000000100000000)
  region size 1024K, 50 young (51200K), 3 survivors (3072K)
 Metaspace       used 39657K, committed 40064K, reserved 1089536K
  class space    used 5074K, committed 5248K, reserved 1048576K
}
Event: 7.355 GC heap after
{Heap after GC invocations=19 (full 0):
 garbage-first heap   total 123904K, used 56884K [0x0000000082000000, 0x0000000100000000)
  region size 1024K, 7 young (7168K), 7 survivors (7168K)
 Metaspace       used 39657K, committed 40064K, reserved 1089536K
  class space    used 5074K, committed 5248K, reserved 1048576K
}
Event: 7.377 GC heap before
{Heap before GC invocations=19 (full 0):
 garbage-first heap   total 123904K, used 58932K [0x0000000082000000, 0x0000000100000000)
  region size 1024K, 8 young (8192K), 7 survivors (7168K)
 Metaspace       used 39704K, committed 40128K, reserved 1089536K
  class space    used 5084K, committed 5248K, reserved 1048576K
}
Event: 7.386 GC heap after
{Heap after GC invocations=20 (full 0):
 garbage-first heap   total 123904K, used 59696K [0x0000000082000000, 0x0000000100000000)
  region size 1024K, 1 young (1024K), 1 survivors (1024K)
 Metaspace       used 39704K, committed 40128K, reserved 1089536K
  class space    used 5084K, committed 5248K, reserved 1048576K
}
Event: 7.544 GC heap before
{Heap before GC invocations=20 (full 0):
 garbage-first heap   total 123904K, used 80176K [0x0000000082000000, 0x0000000100000000)
  region size 1024K, 22 young (22528K), 1 survivors (1024K)
 Metaspace       used 40776K, committed 41216K, reserved 1089536K
  class space    used 5153K, committed 5312K, reserved 1048576K
}
Event: 7.555 GC heap after
{Heap after GC invocations=21 (full 0):
 garbage-first heap   total 123904K, used 68526K [0x0000000082000000, 0x0000000100000000)
  region size 1024K, 4 young (4096K), 4 survivors (4096K)
 Metaspace       used 40776K, committed 41216K, reserved 1089536K
  class space    used 5153K, committed 5312K, reserved 1048576K
}
Event: 7.672 GC heap before
{Heap before GC invocations=21 (full 0):
 garbage-first heap   total 123904K, used 92078K [0x0000000082000000, 0x0000000100000000)
  region size 1024K, 27 young (27648K), 4 survivors (4096K)
 Metaspace       used 41339K, committed 41792K, reserved 1089536K
  class space    used 5201K, committed 5440K, reserved 1048576K
}
Event: 7.694 GC heap after
{Heap after GC invocations=22 (full 0):
 garbage-first heap   total 123904K, used 74466K [0x0000000082000000, 0x0000000100000000)
  region size 1024K, 4 young (4096K), 4 survivors (4096K)
 Metaspace       used 41339K, committed 41792K, reserved 1089536K
  class space    used 5201K, committed 5440K, reserved 1048576K
}
Event: 7.744 GC heap before
{Heap before GC invocations=22 (full 0):
 garbage-first heap   total 135168K, used 91874K [0x0000000082000000, 0x0000000100000000)
  region size 1024K, 23 young (23552K), 4 survivors (4096K)
 Metaspace       used 41478K, committed 41920K, reserved 1089536K
  class space    used 5219K, committed 5440K, reserved 1048576K
}
Event: 7.757 GC heap after
{Heap after GC invocations=23 (full 0):
 garbage-first heap   total 273408K, used 74854K [0x0000000082000000, 0x0000000100000000)
  region size 1024K, 2 young (2048K), 2 survivors (2048K)
 Metaspace       used 41478K, committed 41920K, reserved 1089536K
  class space    used 5219K, committed 5440K, reserved 1048576K
}
Event: 8.067 GC heap before
{Heap before GC invocations=24 (full 0):
 garbage-first heap   total 273408K, used 162918K [0x0000000082000000, 0x0000000100000000)
  region size 1024K, 89 young (91136K), 2 survivors (2048K)
 Metaspace       used 42436K, committed 42944K, reserved 1089536K
  class space    used 5328K, committed 5568K, reserved 1048576K
}
Event: 8.073 GC heap after
{Heap after GC invocations=25 (full 0):
 garbage-first heap   total 273408K, used 78209K [0x0000000082000000, 0x0000000100000000)
  region size 1024K, 5 young (5120K), 5 survivors (5120K)
 Metaspace       used 42436K, committed 42944K, reserved 1089536K
  class space    used 5328K, committed 5568K, reserved 1048576K
}
Event: 8.094 GC heap before
{Heap before GC invocations=25 (full 0):
 garbage-first heap   total 273408K, used 85377K [0x0000000082000000, 0x0000000100000000)
  region size 1024K, 13 young (13312K), 5 survivors (5120K)
 Metaspace       used 42501K, committed 42944K, reserved 1089536K
  class space    used 5342K, committed 5568K, reserved 1048576K
}
Event: 8.098 GC heap after
{Heap after GC invocations=26 (full 0):
 garbage-first heap   total 273408K, used 77214K [0x0000000082000000, 0x0000000100000000)
  region size 1024K, 1 young (1024K), 1 survivors (1024K)
 Metaspace       used 42501K, committed 42944K, reserved 1089536K
  class space    used 5342K, committed 5568K, reserved 1048576K
}
Event: 8.394 GC heap before
{Heap before GC invocations=26 (full 0):
 garbage-first heap   total 273408K, used 204190K [0x0000000082000000, 0x0000000100000000)
  region size 1024K, 126 young (129024K), 1 survivors (1024K)
 Metaspace       used 44269K, committed 44736K, reserved 1089536K
  class space    used 5553K, committed 5760K, reserved 1048576K
}
Event: 8.401 GC heap after
{Heap after GC invocations=27 (full 0):
 garbage-first heap   total 273408K, used 82219K [0x0000000082000000, 0x0000000100000000)
  region size 1024K, 6 young (6144K), 6 survivors (6144K)
 Metaspace       used 44269K, committed 44736K, reserved 1089536K
  class space    used 5553K, committed 5760K, reserved 1048576K
}
Event: 8.548 GC heap before
{Heap before GC invocations=27 (full 0):
 garbage-first heap   total 273408K, used 210219K [0x0000000082000000, 0x0000000100000000)
  region size 1024K, 132 young (135168K), 6 survivors (6144K)
 Metaspace       used 46249K, committed 46656K, reserved 1097728K
  class space    used 5833K, committed 6016K, reserved 1048576K
}
Event: 8.556 GC heap after
{Heap after GC invocations=28 (full 0):
 garbage-first heap   total 273408K, used 88398K [0x0000000082000000, 0x0000000100000000)
  region size 1024K, 12 young (12288K), 12 survivors (12288K)
 Metaspace       used 46249K, committed 46656K, reserved 1097728K
  class space    used 5833K, committed 6016K, reserved 1048576K
}
Event: 8.735 GC heap before
{Heap before GC invocations=28 (full 0):
 garbage-first heap   total 273408K, used 215374K [0x0000000082000000, 0x0000000100000000)
  region size 1024K, 137 young (140288K), 12 survivors (12288K)
 Metaspace       used 48643K, committed 49088K, reserved 1097728K
  class space    used 6216K, committed 6400K, reserved 1048576K
}

