# JRE version: OpenJDK Runtime Environment Temurin-17.0.5+8 (17.0.5+8) (build 17.0.5+8)
# Java VM: OpenJDK 64-Bit Server VM Temurin-17.0.5+8 (17.0.5+8, mixed mode, emulated-client, tiered, compressed oops, compressed class ptrs, g1 gc, windows-amd64)
GC Precious Log:
 CPUs: 4 total, 4 available
 Memory: 8060M
 Large Page Support: Disabled
 NUMA Support: Disabled
 Compressed Oops: Enabled (32-bit)
 Heap Region Size: 1M
 Heap Min Capacity: 8M
 Heap Initial Capacity: 126M
 Heap Max Capacity: 2016M
 Pre-touch: Disabled
 Parallel Workers: 4
 Concurrent Workers: 1
 Concurrent Refinement Workers: 4
 Periodic GC: Disabled
Heap:
 garbage-first heap   total 129024K, used 75776K [0x0000000082000000, 0x0000000100000000)
  region size 1024K, 3 young (3072K), 3 survivors (3072K)
 Metaspace       used 41128K, committed 41664K, reserved 1089536K
  class space    used 5188K, committed 5440K, reserved 1048576K
GC Heap History (20 events):
Event: 5.776 GC heap after
{Heap after GC invocations=12 (full 0):
 garbage-first heap   total 66560K, used 27124K [0x0000000082000000, 0x0000000100000000)
  region size 1024K, 3 young (3072K), 3 survivors (3072K)
 Metaspace       used 36856K, committed 37312K, reserved 1089536K
  class space    used 4821K, committed 5056K, reserved 1048576K
}
Event: 5.891 GC heap before
{Heap before GC invocations=12 (full 0):
 garbage-first heap   total 66560K, used 47604K [0x0000000082000000, 0x0000000100000000)
  region size 1024K, 23 young (23552K), 3 survivors (3072K)
 Metaspace       used 37135K, committed 37568K, reserved 1089536K
  class space    used 4852K, committed 5056K, reserved 1048576K
}
Event: 5.897 GC heap after
{Heap after GC invocations=13 (full 0):
 garbage-first heap   total 66560K, used 30896K [0x0000000082000000, 0x0000000100000000)
  region size 1024K, 3 young (3072K), 3 survivors (3072K)
 Metaspace       used 37135K, committed 37568K, reserved 1089536K
  class space    used 4852K, committed 5056K, reserved 1048576K
}
Event: 5.977 GC heap before
{Heap before GC invocations=13 (full 0):
 garbage-first heap   total 66560K, used 48304K [0x0000000082000000, 0x0000000100000000)
  region size 1024K, 20 young (20480K), 3 survivors (3072K)
 Metaspace       used 37573K, committed 38016K, reserved 1089536K
  class space    used 4896K, committed 5120K, reserved 1048576K
}
Event: 5.983 GC heap after
{Heap after GC invocations=14 (full 0):
 garbage-first heap   total 66560K, used 34005K [0x0000000082000000, 0x0000000100000000)
  region size 1024K, 3 young (3072K), 3 survivors (3072K)
 Metaspace       used 37573K, committed 38016K, reserved 1089536K
  class space    used 4896K, committed 5120K, reserved 1048576K
}
Event: 6.056 GC heap before
{Heap before GC invocations=14 (full 0):
 garbage-first heap   total 66560K, used 48341K [0x0000000082000000, 0x0000000100000000)
  region size 1024K, 18 young (18432K), 3 survivors (3072K)
 Metaspace       used 37974K, committed 38400K, reserved 1089536K
  class space    used 4930K, committed 5120K, reserved 1048576K
}
Event: 6.061 GC heap after
{Heap after GC invocations=15 (full 0):
 garbage-first heap   total 66560K, used 36309K [0x0000000082000000, 0x0000000100000000)
  region size 1024K, 3 young (3072K), 3 survivors (3072K)
 Metaspace       used 37974K, committed 38400K, reserved 1089536K
  class space    used 4930K, committed 5120K, reserved 1048576K
}
Event: 6.111 GC heap before
{Heap before GC invocations=15 (full 0):
 garbage-first heap   total 66560K, used 49621K [0x0000000082000000, 0x0000000100000000)
  region size 1024K, 17 young (17408K), 3 survivors (3072K)
 Metaspace       used 38337K, committed 38720K, reserved 1089536K
  class space    used 4942K, committed 5120K, reserved 1048576K
}
Event: 6.118 GC heap after
{Heap after GC invocations=16 (full 0):
 garbage-first heap   total 107520K, used 38911K [0x0000000082000000, 0x0000000100000000)
  region size 1024K, 3 young (3072K), 3 survivors (3072K)
 Metaspace       used 38337K, committed 38720K, reserved 1089536K
  class space    used 4942K, committed 5120K, reserved 1048576K
}
Event: 6.260 GC heap before
{Heap before GC invocations=17 (full 0):
 garbage-first heap   total 107520K, used 76799K [0x0000000082000000, 0x0000000100000000)
  region size 1024K, 41 young (41984K), 3 survivors (3072K)
 Metaspace       used 38759K, committed 39232K, reserved 1089536K
  class space    used 4969K, committed 5184K, reserved 1048576K
}
Event: 6.277 GC heap after
{Heap after GC invocations=18 (full 0):
 garbage-first heap   total 107520K, used 50175K [0x0000000082000000, 0x0000000100000000)
  region size 1024K, 6 young (6144K), 6 survivors (6144K)
 Metaspace       used 38759K, committed 39232K, reserved 1089536K
  class space    used 4969K, committed 5184K, reserved 1048576K
}
Event: 6.281 GC heap before
{Heap before GC invocations=18 (full 0):
 garbage-first heap   total 107520K, used 51199K [0x0000000082000000, 0x0000000100000000)
  region size 1024K, 7 young (7168K), 6 survivors (6144K)
 Metaspace       used 38759K, committed 39232K, reserved 1089536K
  class space    used 4969K, committed 5184K, reserved 1048576K
}
Event: 6.288 GC heap after
{Heap after GC invocations=19 (full 0):
 garbage-first heap   total 107520K, used 52070K [0x0000000082000000, 0x0000000100000000)
  region size 1024K, 1 young (1024K), 1 survivors (1024K)
 Metaspace       used 38759K, committed 39232K, reserved 1089536K
  class space    used 4969K, committed 5184K, reserved 1048576K
}
Event: 6.628 GC heap before
{Heap before GC invocations=19 (full 0):
 garbage-first heap   total 107520K, used 77670K [0x0000000082000000, 0x0000000100000000)
  region size 1024K, 27 young (27648K), 1 survivors (1024K)
 Metaspace       used 39618K, committed 40000K, reserved 1089536K
  class space    used 5068K, committed 5248K, reserved 1048576K
}
Event: 6.634 GC heap after
{Heap after GC invocations=20 (full 0):
 garbage-first heap   total 107520K, used 57186K [0x0000000082000000, 0x0000000100000000)
  region size 1024K, 4 young (4096K), 4 survivors (4096K)
 Metaspace       used 39618K, committed 40000K, reserved 1089536K
  class space    used 5068K, committed 5248K, reserved 1048576K
}
Event: 6.973 GC heap before
{Heap before GC invocations=21 (full 0):
 garbage-first heap   total 117760K, used 81762K [0x0000000082000000, 0x0000000100000000)
  region size 1024K, 27 young (27648K), 4 survivors (4096K)
 Metaspace       used 40673K, committed 41088K, reserved 1089536K
  class space    used 5140K, committed 5312K, reserved 1048576K
}
Event: 6.987 GC heap after
{Heap after GC invocations=22 (full 0):
 garbage-first heap   total 117760K, used 70386K [0x0000000082000000, 0x0000000100000000)
  region size 1024K, 4 young (4096K), 4 survivors (4096K)
 Metaspace       used 40673K, committed 41088K, reserved 1089536K
  class space    used 5140K, committed 5312K, reserved 1048576K
}
Event: 6.997 GC heap before
{Heap before GC invocations=22 (full 0):
 garbage-first heap   total 117760K, used 71410K [0x0000000082000000, 0x0000000100000000)
  region size 1024K, 5 young (5120K), 4 survivors (4096K)
 Metaspace       used 40726K, committed 41152K, reserved 1089536K
  class space    used 5148K, committed 5312K, reserved 1048576K
}
Event: 7.002 GC heap after
{Heap after GC invocations=23 (full 0):
 garbage-first heap   total 117760K, used 71102K [0x0000000082000000, 0x0000000100000000)
  region size 1024K, 1 young (1024K), 1 survivors (1024K)
 Metaspace       used 40726K, committed 41152K, reserved 1089536K
  class space    used 5148K, committed 5312K, reserved 1048576K
}
Event: 7.077 GC heap before
{Heap before GC invocations=23 (full 0):
 garbage-first heap   total 117760K, used 88510K [0x0000000082000000, 0x0000000100000000)
  region size 1024K, 19 young (19456K), 1 survivors (1024K)
 Metaspace       used 41128K, committed 41664K, reserved 1089536K
  class space    used 5188K, committed 5440K, reserved 1048576K
}

