# JRE version: OpenJDK Runtime Environment Temurin-17.0.5+8 (17.0.5+8) (build 17.0.5+8)
# Java VM: OpenJDK 64-Bit Server VM Temurin-17.0.5+8 (17.0.5+8, mixed mode, emulated-client, tiered, compressed oops, compressed class ptrs, g1 gc, windows-amd64)
GC Precious Log:
 CPUs: 4 total, 4 available
 Memory: 8060M
 Large Page Support: Disabled
 NUMA Support: Disabled
 Compressed Oops: Enabled (32-bit)
 Heap Region Size: 1M
 Heap Min Capacity: 8M
 Heap Initial Capacity: 126M
 Heap Max Capacity: 2016M
 Pre-touch: Disabled
 Parallel Workers: 4
 Concurrent Workers: 1
 Concurrent Refinement Workers: 4
 Periodic GC: Disabled
Heap:
 garbage-first heap   total 307200K, used 90043K [0x0000000082000000, 0x0000000100000000)
  region size 1024K, 9 young (9216K), 9 survivors (9216K)
 Metaspace       used 43828K, committed 44224K, reserved 1089536K
  class space    used 5513K, committed 5696K, reserved 1048576K
GC Heap History (20 events):
Event: 6.291 GC heap after
{Heap after GC invocations=18 (full 0):
 garbage-first heap   total 80896K, used 36707K [0x0000000082000000, 0x0000000100000000)
  region size 1024K, 3 young (3072K), 3 survivors (3072K)
 Metaspace       used 38710K, committed 39104K, reserved 1089536K
  class space    used 4962K, committed 5184K, reserved 1048576K
}
Event: 6.367 GC heap before
{Heap before GC invocations=18 (full 0):
 garbage-first heap   total 80896K, used 60259K [0x0000000082000000, 0x0000000100000000)
  region size 1024K, 27 young (27648K), 3 survivors (3072K)
 Metaspace       used 38737K, committed 39168K, reserved 1089536K
  class space    used 4968K, committed 5184K, reserved 1048576K
}
Event: 6.375 GC heap after
{Heap after GC invocations=19 (full 0):
 garbage-first heap   total 80896K, used 43276K [0x0000000082000000, 0x0000000100000000)
  region size 1024K, 4 young (4096K), 4 survivors (4096K)
 Metaspace       used 38737K, committed 39168K, reserved 1089536K
  class space    used 4968K, committed 5184K, reserved 1048576K
}
Event: 6.465 GC heap before
{Heap before GC invocations=19 (full 0):
 garbage-first heap   total 80896K, used 61708K [0x0000000082000000, 0x0000000100000000)
  region size 1024K, 22 young (22528K), 4 survivors (4096K)
 Metaspace       used 38809K, committed 39232K, reserved 1089536K
  class space    used 4974K, committed 5184K, reserved 1048576K
}
Event: 6.476 GC heap after
{Heap after GC invocations=20 (full 0):
 garbage-first heap   total 80896K, used 47472K [0x0000000082000000, 0x0000000100000000)
  region size 1024K, 3 young (3072K), 3 survivors (3072K)
 Metaspace       used 38809K, committed 39232K, reserved 1089536K
  class space    used 4974K, committed 5184K, reserved 1048576K
}
Event: 6.636 GC heap before
{Heap before GC invocations=21 (full 0):
 garbage-first heap   total 102400K, used 61808K [0x0000000082000000, 0x0000000100000000)
  region size 1024K, 18 young (18432K), 3 survivors (3072K)
 Metaspace       used 39366K, committed 39744K, reserved 1089536K
  class space    used 5035K, committed 5184K, reserved 1048576K
}
Event: 6.648 GC heap after
{Heap after GC invocations=22 (full 0):
 garbage-first heap   total 102400K, used 53862K [0x0000000082000000, 0x0000000100000000)
  region size 1024K, 3 young (3072K), 3 survivors (3072K)
 Metaspace       used 39366K, committed 39744K, reserved 1089536K
  class space    used 5035K, committed 5184K, reserved 1048576K
}
Event: 6.660 GC heap before
{Heap before GC invocations=22 (full 0):
 garbage-first heap   total 102400K, used 55910K [0x0000000082000000, 0x0000000100000000)
  region size 1024K, 5 young (5120K), 3 survivors (3072K)
 Metaspace       used 39366K, committed 39744K, reserved 1089536K
  class space    used 5035K, committed 5184K, reserved 1048576K
}
Event: 6.665 GC heap after
{Heap after GC invocations=23 (full 0):
 garbage-first heap   total 102400K, used 54120K [0x0000000082000000, 0x0000000100000000)
  region size 1024K, 1 young (1024K), 1 survivors (1024K)
 Metaspace       used 39366K, committed 39744K, reserved 1089536K
  class space    used 5035K, committed 5184K, reserved 1048576K
}
Event: 6.892 GC heap before
{Heap before GC invocations=23 (full 0):
 garbage-first heap   total 102400K, used 73576K [0x0000000082000000, 0x0000000100000000)
  region size 1024K, 21 young (21504K), 1 survivors (1024K)
 Metaspace       used 40245K, committed 40704K, reserved 1089536K
  class space    used 5133K, committed 5312K, reserved 1048576K
}
Event: 6.900 GC heap after
{Heap after GC invocations=24 (full 0):
 garbage-first heap   total 307200K, used 59121K [0x0000000082000000, 0x0000000100000000)
  region size 1024K, 3 young (3072K), 3 survivors (3072K)
 Metaspace       used 40245K, committed 40704K, reserved 1089536K
  class space    used 5133K, committed 5312K, reserved 1048576K
}
Event: 7.313 GC heap before
{Heap before GC invocations=25 (full 0):
 garbage-first heap   total 235520K, used 186097K [0x0000000082000000, 0x0000000100000000)
  region size 1024K, 127 young (130048K), 3 survivors (3072K)
 Metaspace       used 43381K, committed 43840K, reserved 1089536K
  class space    used 5447K, committed 5696K, reserved 1048576K
}
Event: 7.343 GC heap after
{Heap after GC invocations=26 (full 0):
 garbage-first heap   total 235520K, used 78577K [0x0000000082000000, 0x0000000100000000)
  region size 1024K, 17 young (17408K), 17 survivors (17408K)
 Metaspace       used 43381K, committed 43840K, reserved 1089536K
  class space    used 5447K, committed 5696K, reserved 1048576K
}
Event: 7.347 GC heap before
{Heap before GC invocations=26 (full 0):
 garbage-first heap   total 235520K, used 78577K [0x0000000082000000, 0x0000000100000000)
  region size 1024K, 18 young (18432K), 17 survivors (17408K)
 Metaspace       used 43416K, committed 43904K, reserved 1089536K
  class space    used 5453K, committed 5696K, reserved 1048576K
}
Event: 7.363 GC heap after
{Heap after GC invocations=27 (full 0):
 garbage-first heap   total 235520K, used 79601K [0x0000000082000000, 0x0000000100000000)
  region size 1024K, 2 young (2048K), 2 survivors (2048K)
 Metaspace       used 43416K, committed 43904K, reserved 1089536K
  class space    used 5453K, committed 5696K, reserved 1048576K
}
Event: 7.409 GC heap before
{Heap before GC invocations=27 (full 0):
 garbage-first heap   total 235520K, used 173809K [0x0000000082000000, 0x0000000100000000)
  region size 1024K, 95 young (97280K), 2 survivors (2048K)
 Metaspace       used 43519K, committed 43968K, reserved 1089536K
  class space    used 5464K, committed 5696K, reserved 1048576K
}
Event: 7.412 GC heap after
{Heap after GC invocations=28 (full 0):
 garbage-first heap   total 235520K, used 81946K [0x0000000082000000, 0x0000000100000000)
  region size 1024K, 5 young (5120K), 5 survivors (5120K)
 Metaspace       used 43519K, committed 43968K, reserved 1089536K
  class space    used 5464K, committed 5696K, reserved 1048576K
}
Event: 7.466 GC heap before
{Heap before GC invocations=28 (full 0):
 garbage-first heap   total 235520K, used 177178K [0x0000000082000000, 0x0000000100000000)
  region size 1024K, 99 young (101376K), 5 survivors (5120K)
 Metaspace       used 43665K, committed 44096K, reserved 1089536K
  class space    used 5486K, committed 5696K, reserved 1048576K
}
Event: 7.471 GC heap after
{Heap after GC invocations=29 (full 0):
 garbage-first heap   total 235520K, used 86112K [0x0000000082000000, 0x0000000100000000)
  region size 1024K, 9 young (9216K), 9 survivors (9216K)
 Metaspace       used 43665K, committed 44096K, reserved 1089536K
  class space    used 5486K, committed 5696K, reserved 1048576K
}
Event: 7.520 GC heap before
{Heap before GC invocations=29 (full 0):
 garbage-first heap   total 235520K, used 182368K [0x0000000082000000, 0x0000000100000000)
  region size 1024K, 104 young (106496K), 9 survivors (9216K)
 Metaspace       used 43828K, committed 44224K, reserved 1089536K
  class space    used 5513K, committed 5696K, reserved 1048576K
}

